<?xml version="1.0" encoding="UTF-8"?>
<!-- Generated by org.testng.reporters.JUnitXMLReporter -->
<testsuite ignored="5" hostname="RAHUL" failures="0" tests="1" name="Default test" time="0.491" errors="0" timestamp="2024-09-10T19:08:51 IST">
  <testcase classname="storedProcedure.StoredProcedureTesting" name="tes_get_order_by_cust" time="0.085"/>
  <testcase classname="storedProcedure.StoredProcedureTesting" name="test_GetCustomerShipping" time="0.0">
    <ignored/>
  </testcase> <!-- test_GetCustomerShipping -->
  <testcase classname="storedProcedure.StoredProcedureTesting" name="test_StoredPricedureExist" time="0.0">
    <ignored/>
  </testcase> <!-- test_StoredPricedureExist -->
  <testcase classname="storedProcedure.StoredProcedureTesting" name="selectAllCustomersByCityAndPin" time="0.0">
    <ignored/>
  </testcase> <!-- selectAllCustomersByCityAndPin -->
  <testcase classname="storedProcedure.StoredProcedureTesting" name="selectAllCustomersByCity" time="0.0">
    <ignored/>
  </testcase> <!-- selectAllCustomersByCity -->
  <testcase classname="storedProcedure.StoredProcedureTesting" name="selectAllCustomers" time="0.0">
    <ignored/>
  </testcase> <!-- selectAllCustomers -->
</testsuite> <!-- Default test -->
