<?xml version="1.0" encoding="UTF-8"?>
<testng-results ignored="0" total="1" passed="1" failed="0" skipped="0">
  <reporter-output>
  </reporter-output>
  <suite started-at="2024-09-10T19:08:51 IST" name="Default suite" finished-at="2024-09-10T19:08:51 IST" duration-ms="491">
    <groups>
    </groups>
    <test started-at="2024-09-10T19:08:51 IST" name="Default test" finished-at="2024-09-10T19:08:51 IST" duration-ms="491">
      <class name="storedProcedure.StoredProcedureTesting">
        <test-method is-config="true" signature="setup()[pri:0, instance:storedProcedure.StoredProcedureTesting@55a147cc]" started-at="2024-09-10T19:08:51 IST" name="setup" finished-at="2024-09-10T19:08:51 IST" duration-ms="369" status="PASS">
          <reporter-output>
          </reporter-output>
        </test-method> <!-- setup -->
        <test-method signature="tes_get_order_by_cust()[pri:5, instance:storedProcedure.StoredProcedureTesting@55a147cc]" started-at="2024-09-10T19:08:51 IST" name="tes_get_order_by_cust" finished-at="2024-09-10T19:08:51 IST" duration-ms="85" status="PASS">
          <reporter-output>
          </reporter-output>
        </test-method> <!-- tes_get_order_by_cust -->
        <test-method is-config="true" signature="tearDown()[pri:0, instance:storedProcedure.StoredProcedureTesting@55a147cc]" started-at="2024-09-10T19:08:51 IST" name="tearDown" finished-at="2024-09-10T19:08:51 IST" duration-ms="4" status="PASS">
          <reporter-output>
          </reporter-output>
        </test-method> <!-- tearDown -->
      </class> <!-- storedProcedure.StoredProcedureTesting -->
    </test> <!-- Default test -->
  </suite> <!-- Default suite -->
</testng-results>
